\BOOKMARK [0][-]{chapter.1}{\376\377\000C\000l\000a\000s\000s\000\040\000I\000n\000d\000e\000x}{}% 1
\BOOKMARK [1][-]{section.1.1}{\376\377\000C\000l\000a\000s\000s\000\040\000L\000i\000s\000t}{chapter.1}% 2
\BOOKMARK [0][-]{chapter.2}{\376\377\000F\000i\000l\000e\000\040\000I\000n\000d\000e\000x}{}% 3
\BOOKMARK [1][-]{section.2.1}{\376\377\000F\000i\000l\000e\000\040\000L\000i\000s\000t}{chapter.2}% 4
\BOOKMARK [0][-]{chapter.3}{\376\377\000C\000l\000a\000s\000s\000\040\000D\000o\000c\000u\000m\000e\000n\000t\000a\000t\000i\000o\000n}{}% 5
\BOOKMARK [1][-]{section.3.1}{\376\377\000\137\000T\000h\000r\000e\000a\000d\000I\000n\000f\000o\000\040\000S\000t\000r\000u\000c\000t\000\040\000R\000e\000f\000e\000r\000e\000n\000c\000e}{chapter.3}% 6
\BOOKMARK [2][-]{subsection.3.1.1}{\376\377\000D\000e\000t\000a\000i\000l\000e\000d\000\040\000D\000e\000s\000c\000r\000i\000p\000t\000i\000o\000n}{section.3.1}% 7
\BOOKMARK [1][-]{section.3.2}{\376\377\000c\000o\000l\000u\000m\000n\000\137\000s\000t\000r\000u\000c\000t\000\040\000S\000t\000r\000u\000c\000t\000\040\000R\000e\000f\000e\000r\000e\000n\000c\000e}{chapter.3}% 8
\BOOKMARK [2][-]{subsection.3.2.1}{\376\377\000D\000e\000t\000a\000i\000l\000e\000d\000\040\000D\000e\000s\000c\000r\000i\000p\000t\000i\000o\000n}{section.3.2}% 9
\BOOKMARK [1][-]{section.3.3}{\376\377\000c\000o\000n\000f\000i\000g\000\137\000p\000a\000r\000a\000m\000s\000\040\000S\000t\000r\000u\000c\000t\000\040\000R\000e\000f\000e\000r\000e\000n\000c\000e}{chapter.3}% 10
\BOOKMARK [2][-]{subsection.3.3.1}{\376\377\000D\000e\000t\000a\000i\000l\000e\000d\000\040\000D\000e\000s\000c\000r\000i\000p\000t\000i\000o\000n}{section.3.3}% 11
\BOOKMARK [1][-]{section.3.4}{\376\377\000q\000u\000e\000r\000y\000\137\000p\000a\000r\000a\000m\000s\000\040\000S\000t\000r\000u\000c\000t\000\040\000R\000e\000f\000e\000r\000e\000n\000c\000e}{chapter.3}% 12
\BOOKMARK [2][-]{subsection.3.4.1}{\376\377\000D\000e\000t\000a\000i\000l\000e\000d\000\040\000D\000e\000s\000c\000r\000i\000p\000t\000i\000o\000n}{section.3.4}% 13
\BOOKMARK [1][-]{section.3.5}{\376\377\000r\000e\000c\000o\000r\000d\000\137\000s\000t\000r\000u\000c\000t\000\040\000S\000t\000r\000u\000c\000t\000\040\000R\000e\000f\000e\000r\000e\000n\000c\000e}{chapter.3}% 14
\BOOKMARK [2][-]{subsection.3.5.1}{\376\377\000D\000e\000t\000a\000i\000l\000e\000d\000\040\000D\000e\000s\000c\000r\000i\000p\000t\000i\000o\000n}{section.3.5}% 15
\BOOKMARK [1][-]{section.3.6}{\376\377\000s\000e\000t\000\137\000p\000a\000r\000a\000m\000s\000\040\000S\000t\000r\000u\000c\000t\000\040\000R\000e\000f\000e\000r\000e\000n\000c\000e}{chapter.3}% 16
\BOOKMARK [2][-]{subsection.3.6.1}{\376\377\000D\000e\000t\000a\000i\000l\000e\000d\000\040\000D\000e\000s\000c\000r\000i\000p\000t\000i\000o\000n}{section.3.6}% 17
\BOOKMARK [1][-]{section.3.7}{\376\377\000s\000t\000o\000r\000a\000g\000e\000\137\000r\000e\000c\000o\000r\000d\000\040\000S\000t\000r\000u\000c\000t\000\040\000R\000e\000f\000e\000r\000e\000n\000c\000e}{chapter.3}% 18
\BOOKMARK [2][-]{subsection.3.7.1}{\376\377\000D\000e\000t\000a\000i\000l\000e\000d\000\040\000D\000e\000s\000c\000r\000i\000p\000t\000i\000o\000n}{section.3.7}% 19
\BOOKMARK [1][-]{section.3.8}{\376\377\000t\000a\000b\000l\000e\000\040\000S\000t\000r\000u\000c\000t\000\040\000R\000e\000f\000e\000r\000e\000n\000c\000e}{chapter.3}% 20
\BOOKMARK [2][-]{subsection.3.8.1}{\376\377\000D\000e\000t\000a\000i\000l\000e\000d\000\040\000D\000e\000s\000c\000r\000i\000p\000t\000i\000o\000n}{section.3.8}% 21
\BOOKMARK [1][-]{section.3.9}{\376\377\000t\000a\000b\000l\000e\000\137\000l\000i\000s\000t\000\040\000S\000t\000r\000u\000c\000t\000\040\000R\000e\000f\000e\000r\000e\000n\000c\000e}{chapter.3}% 22
\BOOKMARK [2][-]{subsection.3.9.1}{\376\377\000D\000e\000t\000a\000i\000l\000e\000d\000\040\000D\000e\000s\000c\000r\000i\000p\000t\000i\000o\000n}{section.3.9}% 23
\BOOKMARK [1][-]{section.3.10}{\376\377\000t\000a\000b\000l\000e\000\137\000p\000a\000r\000a\000m\000s\000\040\000S\000t\000r\000u\000c\000t\000\040\000R\000e\000f\000e\000r\000e\000n\000c\000e}{chapter.3}% 24
\BOOKMARK [2][-]{subsection.3.10.1}{\376\377\000D\000e\000t\000a\000i\000l\000e\000d\000\040\000D\000e\000s\000c\000r\000i\000p\000t\000i\000o\000n}{section.3.10}% 25
\BOOKMARK [0][-]{chapter.4}{\376\377\000F\000i\000l\000e\000\040\000D\000o\000c\000u\000m\000e\000n\000t\000a\000t\000i\000o\000n}{}% 26
\BOOKMARK [1][-]{section.4.1}{\376\377\000c\000l\000i\000e\000n\000t\000.\000c\000\040\000F\000i\000l\000e\000\040\000R\000e\000f\000e\000r\000e\000n\000c\000e}{chapter.4}% 27
\BOOKMARK [2][-]{subsection.4.1.1}{\376\377\000D\000e\000t\000a\000i\000l\000e\000d\000\040\000D\000e\000s\000c\000r\000i\000p\000t\000i\000o\000n}{section.4.1}% 28
\BOOKMARK [2][-]{subsection.4.1.2}{\376\377\000F\000u\000n\000c\000t\000i\000o\000n\000\040\000D\000o\000c\000u\000m\000e\000n\000t\000a\000t\000i\000o\000n}{section.4.1}% 29
\BOOKMARK [3][-]{subsubsection.4.1.2.1}{\376\377\000m\000a\000i\000n}{subsection.4.1.2}% 30
\BOOKMARK [2][-]{subsection.4.1.3}{\376\377\000V\000a\000r\000i\000a\000b\000l\000e\000\040\000D\000o\000c\000u\000m\000e\000n\000t\000a\000t\000i\000o\000n}{section.4.1}% 31
\BOOKMARK [3][-]{subsubsection.4.1.3.1}{\376\377\000f\000i\000l\000e\000\137\000p\000t\000r}{subsection.4.1.3}% 32
\BOOKMARK [1][-]{section.4.2}{\376\377\000e\000n\000c\000r\000y\000p\000t\000\137\000p\000a\000s\000s\000w\000d\000.\000c\000\040\000F\000i\000l\000e\000\040\000R\000e\000f\000e\000r\000e\000n\000c\000e}{chapter.4}% 33
\BOOKMARK [2][-]{subsection.4.2.1}{\376\377\000D\000e\000t\000a\000i\000l\000e\000d\000\040\000D\000e\000s\000c\000r\000i\000p\000t\000i\000o\000n}{section.4.2}% 34
\BOOKMARK [1][-]{section.4.3}{\376\377\000s\000e\000r\000v\000e\000r\000.\000c\000\040\000F\000i\000l\000e\000\040\000R\000e\000f\000e\000r\000e\000n\000c\000e}{chapter.4}% 35
\BOOKMARK [2][-]{subsection.4.3.1}{\376\377\000D\000e\000t\000a\000i\000l\000e\000d\000\040\000D\000e\000s\000c\000r\000i\000p\000t\000i\000o\000n}{section.4.3}% 36
\BOOKMARK [2][-]{subsection.4.3.2}{\376\377\000F\000u\000n\000c\000t\000i\000o\000n\000\040\000D\000o\000c\000u\000m\000e\000n\000t\000a\000t\000i\000o\000n}{section.4.3}% 37
\BOOKMARK [3][-]{subsubsection.4.3.2.1}{\376\377\000g\000e\000t\000T\000h\000r\000e\000a\000d\000I\000n\000f\000o}{subsection.4.3.2}% 38
\BOOKMARK [3][-]{subsubsection.4.3.2.2}{\376\377\000h\000a\000n\000d\000l\000e\000\137\000c\000o\000m\000m\000a\000n\000d}{subsection.4.3.2}% 39
\BOOKMARK [3][-]{subsubsection.4.3.2.3}{\376\377\000m\000a\000i\000n}{subsection.4.3.2}% 40
\BOOKMARK [3][-]{subsubsection.4.3.2.4}{\376\377\000r\000e\000l\000e\000a\000s\000e\000T\000h\000r\000e\000a\000d}{subsection.4.3.2}% 41
\BOOKMARK [1][-]{section.4.4}{\376\377\000s\000t\000o\000r\000a\000g\000e\000.\000h\000\040\000F\000i\000l\000e\000\040\000R\000e\000f\000e\000r\000e\000n\000c\000e}{chapter.4}% 42
\BOOKMARK [2][-]{subsection.4.4.1}{\376\377\000D\000e\000t\000a\000i\000l\000e\000d\000\040\000D\000e\000s\000c\000r\000i\000p\000t\000i\000o\000n}{section.4.4}% 43
\BOOKMARK [2][-]{subsection.4.4.2}{\376\377\000F\000u\000n\000c\000t\000i\000o\000n\000\040\000D\000o\000c\000u\000m\000e\000n\000t\000a\000t\000i\000o\000n}{section.4.4}% 44
\BOOKMARK [3][-]{subsubsection.4.4.2.1}{\376\377\000s\000t\000o\000r\000a\000g\000e\000\137\000a\000u\000t\000h}{subsection.4.4.2}% 45
\BOOKMARK [3][-]{subsubsection.4.4.2.2}{\376\377\000s\000t\000o\000r\000a\000g\000e\000\137\000c\000o\000n\000n\000e\000c\000t}{subsection.4.4.2}% 46
\BOOKMARK [3][-]{subsubsection.4.4.2.3}{\376\377\000s\000t\000o\000r\000a\000g\000e\000\137\000d\000i\000s\000c\000o\000n\000n\000e\000c\000t}{subsection.4.4.2}% 47
\BOOKMARK [3][-]{subsubsection.4.4.2.4}{\376\377\000s\000t\000o\000r\000a\000g\000e\000\137\000g\000e\000t}{subsection.4.4.2}% 48
\BOOKMARK [3][-]{subsubsection.4.4.2.5}{\376\377\000s\000t\000o\000r\000a\000g\000e\000\137\000q\000u\000e\000r\000y}{subsection.4.4.2}% 49
\BOOKMARK [3][-]{subsubsection.4.4.2.6}{\376\377\000s\000t\000o\000r\000a\000g\000e\000\137\000s\000e\000t}{subsection.4.4.2}% 50
\BOOKMARK [1][-]{section.4.5}{\376\377\000u\000t\000i\000l\000s\000.\000c\000\040\000F\000i\000l\000e\000\040\000R\000e\000f\000e\000r\000e\000n\000c\000e}{chapter.4}% 51
\BOOKMARK [2][-]{subsection.4.5.1}{\376\377\000D\000e\000t\000a\000i\000l\000e\000d\000\040\000D\000e\000s\000c\000r\000i\000p\000t\000i\000o\000n}{section.4.5}% 52
\BOOKMARK [2][-]{subsection.4.5.2}{\376\377\000F\000u\000n\000c\000t\000i\000o\000n\000\040\000D\000o\000c\000u\000m\000e\000n\000t\000a\000t\000i\000o\000n}{section.4.5}% 53
\BOOKMARK [3][-]{subsubsection.4.5.2.1}{\376\377\000g\000e\000n\000e\000r\000a\000t\000e\000\137\000e\000n\000c\000r\000y\000p\000t\000e\000d\000\137\000p\000a\000s\000s\000w\000o\000r\000d}{subsection.4.5.2}% 54
\BOOKMARK [3][-]{subsubsection.4.5.2.2}{\376\377\000i\000s\000\137\000a\000l\000p\000h\000a}{subsection.4.5.2}% 55
\BOOKMARK [3][-]{subsubsection.4.5.2.3}{\376\377\000k\000e\000y\000m\000a\000k\000e\000r}{subsection.4.5.2}% 56
\BOOKMARK [3][-]{subsubsection.4.5.2.4}{\376\377\000l\000o\000g\000g\000e\000r}{subsection.4.5.2}% 57
\BOOKMARK [3][-]{subsubsection.4.5.2.5}{\376\377\000p\000r\000o\000c\000e\000s\000s\000\137\000c\000o\000n\000f\000i\000g\000\137\000l\000i\000n\000e}{subsection.4.5.2}% 58
\BOOKMARK [3][-]{subsubsection.4.5.2.6}{\376\377\000q\000u\000e\000r\000y\000\137\000p\000a\000r\000s\000i\000n\000g}{subsection.4.5.2}% 59
\BOOKMARK [3][-]{subsubsection.4.5.2.7}{\376\377\000r\000e\000a\000d\000\137\000c\000o\000n\000f\000i\000g}{subsection.4.5.2}% 60
\BOOKMARK [3][-]{subsubsection.4.5.2.8}{\376\377\000r\000e\000c\000v\000l\000i\000n\000e}{subsection.4.5.2}% 61
\BOOKMARK [3][-]{subsubsection.4.5.2.9}{\376\377\000s\000e\000n\000d\000a\000l\000l}{subsection.4.5.2}% 62
\BOOKMARK [3][-]{subsubsection.4.5.2.10}{\376\377\000s\000e\000t\000\137\000p\000a\000r\000s\000i\000n\000g}{subsection.4.5.2}% 63
\BOOKMARK [1][-]{section.4.6}{\376\377\000u\000t\000i\000l\000s\000.\000h\000\040\000F\000i\000l\000e\000\040\000R\000e\000f\000e\000r\000e\000n\000c\000e}{chapter.4}% 64
\BOOKMARK [2][-]{subsection.4.6.1}{\376\377\000D\000e\000t\000a\000i\000l\000e\000d\000\040\000D\000e\000s\000c\000r\000i\000p\000t\000i\000o\000n}{section.4.6}% 65
\BOOKMARK [2][-]{subsection.4.6.2}{\376\377\000M\000a\000c\000r\000o\000\040\000D\000e\000f\000i\000n\000i\000t\000i\000o\000n\000\040\000D\000o\000c\000u\000m\000e\000n\000t\000a\000t\000i\000o\000n}{section.4.6}% 66
\BOOKMARK [3][-]{subsubsection.4.6.2.1}{\376\377\000D\000B\000G}{subsection.4.6.2}% 67
\BOOKMARK [3][-]{subsubsection.4.6.2.2}{\376\377\000L\000O\000G}{subsection.4.6.2}% 68
\BOOKMARK [2][-]{subsection.4.6.3}{\376\377\000F\000u\000n\000c\000t\000i\000o\000n\000\040\000D\000o\000c\000u\000m\000e\000n\000t\000a\000t\000i\000o\000n}{section.4.6}% 69
\BOOKMARK [3][-]{subsubsection.4.6.3.1}{\376\377\000g\000e\000n\000e\000r\000a\000t\000e\000\137\000e\000n\000c\000r\000y\000p\000t\000e\000d\000\137\000p\000a\000s\000s\000w\000o\000r\000d}{subsection.4.6.3}% 70
\BOOKMARK [3][-]{subsubsection.4.6.3.2}{\376\377\000i\000s\000\137\000a\000l\000p\000h\000a}{subsection.4.6.3}% 71
\BOOKMARK [3][-]{subsubsection.4.6.3.3}{\376\377\000k\000e\000y\000m\000a\000k\000e\000r}{subsection.4.6.3}% 72
\BOOKMARK [3][-]{subsubsection.4.6.3.4}{\376\377\000l\000o\000g\000g\000e\000r}{subsection.4.6.3}% 73
\BOOKMARK [3][-]{subsubsection.4.6.3.5}{\376\377\000q\000u\000e\000r\000y\000\137\000p\000a\000r\000s\000i\000n\000g}{subsection.4.6.3}% 74
\BOOKMARK [3][-]{subsubsection.4.6.3.6}{\376\377\000r\000e\000a\000d\000\137\000c\000o\000n\000f\000i\000g}{subsection.4.6.3}% 75
\BOOKMARK [3][-]{subsubsection.4.6.3.7}{\376\377\000r\000e\000c\000v\000l\000i\000n\000e}{subsection.4.6.3}% 76
\BOOKMARK [3][-]{subsubsection.4.6.3.8}{\376\377\000s\000e\000n\000d\000a\000l\000l}{subsection.4.6.3}% 77
\BOOKMARK [3][-]{subsubsection.4.6.3.9}{\376\377\000s\000e\000t\000\137\000p\000a\000r\000s\000i\000n\000g}{subsection.4.6.3}% 78
\BOOKMARK [2][-]{subsection.4.6.4}{\376\377\000V\000a\000r\000i\000a\000b\000l\000e\000\040\000D\000o\000c\000u\000m\000e\000n\000t\000a\000t\000i\000o\000n}{section.4.6}% 79
\BOOKMARK [3][-]{subsubsection.4.6.4.1}{\376\377\000f\000i\000l\000e\000\137\000p\000t\000r}{subsection.4.6.4}% 80
